{
  "stats": {
    "suites": 1,
    "tests": 10,
    "passes": 10,
    "pending": 0,
    "failures": 0,
    "start": "2023-11-28T19:21:10.203Z",
    "end": "2023-11-28T19:21:54.581Z",
    "duration": 44378,
    "testsRegistered": 10,
    "passPercent": 100,
    "pendingPercent": 0,
    "other": 0,
    "hasOther": false,
    "skipped": 0,
    "hasSkipped": false
  },
  "results": [
    {
      "uuid": "4159fb82-2d89-4630-ae90-bb98cf3a9fed",
      "title": "",
      "fullFile": "C:\\Users\\paulo\\Desktop\\selenium03\\test\\thirdTest.js",
      "file": "\\test\\thirdTest.js",
      "beforeHooks": [],
      "afterHooks": [],
      "tests": [],
      "suites": [
        {
          "uuid": "1770af9d-bd5f-4fc3-a303-5273a5893206",
          "title": "Teste de Login",
          "fullFile": "C:\\Users\\paulo\\Desktop\\selenium03\\test\\thirdTest.js",
          "file": "\\test\\thirdTest.js",
          "beforeHooks": [],
          "afterHooks": [],
          "tests": [
            {
              "title": "CT01 - Login valido",
              "fullTitle": "Teste de Login CT01 - Login valido",
              "timedOut": null,
              "duration": 4882,
              "state": "passed",
              "speed": "slow",
              "pass": true,
              "fail": false,
              "pending": false,
              "context": null,
              "code": "//Contruir uma pagina no navegador\n        let driver = await new Builder().forBrowser(\"firefox\").build()\n        //Abrir navegador\n        await driver.get(\"https://www.saucedemo.com/\")\n        //Tempo de espera pra carregar o site\n        await driver.sleep(300)\n        //Digitar o usuario \n        let user = (\"standard_user\");\n        await driver.findElement(By.id(\"user-name\")).sendKeys(user);\n        //Tempo de espera\n        await driver.sleep(300)\n        //Digitar a senha\n        let pass = (\"secret_sauce\");\n        await driver.findElement(By.id(\"password\")).sendKeys(pass);\n        //Tempo de espera\n        await driver.sleep(300)\n        //Clicar no botao LOGIN\n        let elementbotao = await driver.findElement(By.xpath(\"/html/body/div/div/div[2]/div[1]/div/div/form/input\"))\n        await elementbotao.click(By.id(\"login-button\"))\n        await driver.quit()",
              "err": {},
              "uuid": "108eb511-0e5d-4aac-a727-138e01a95cd7",
              "parentUUID": null,
              "isHook": false,
              "skipped": false
            },
            {
              "title": "CT02 - Login Username invalido",
              "fullTitle": "Teste de Login CT02 - Login Username invalido",
              "timedOut": null,
              "duration": 4397,
              "state": "passed",
              "speed": "slow",
              "pass": true,
              "fail": false,
              "pending": false,
              "context": null,
              "code": "//Contruir uma pagina no navegador\n        let driver = await new Builder().forBrowser(\"firefox\").build()\n        //Abrir navegador\n        await driver.get(\"https://www.saucedemo.com/\")\n        //Tempo de espera pra carregar o site\n        await driver.sleep(300)\n        //Digitar o usuario invalido\n        let user = (\"paulo123\");\n        await driver.findElement(By.id(\"user-name\")).sendKeys(user);\n        //Tempo de espera\n        await driver.sleep(300)\n        //Digitar a senha\n        let pass = (\"secret_sauce\");\n        await driver.findElement(By.id(\"password\")).sendKeys(pass);\n        //Tempo de espera\n        await driver.sleep(300)\n        //Clicar no botao LOGIN\n        let elementbotao = await driver.findElement(By.xpath(\"/html/body/div/div/div[2]/div[1]/div/div/form/input\"))\n        await elementbotao.click(By.id(\"login-button\"))\n        //Assertion usando Chai\n        let erro2 = await driver.findElement(By.xpath(\"/html/body/div[1]/div/div[2]/div[1]/div/div/form/div[3]/h3\")).getText();\n        erro2.should.equal(\"Epic sadface: Username and password do not match any user in this service\");\n        await driver.quit()",
              "err": {},
              "uuid": "d7eabc24-48f6-4fd1-9b56-54e6d33b73b9",
              "parentUUID": null,
              "isHook": false,
              "skipped": false
            },
            {
              "title": "CT03 - Login Password invalida",
              "fullTitle": "Teste de Login CT03 - Login Password invalida",
              "timedOut": null,
              "duration": 4236,
              "state": "passed",
              "speed": "slow",
              "pass": true,
              "fail": false,
              "pending": false,
              "context": null,
              "code": "//Contruir uma pagina no navegador\n        let driver = await new Builder().forBrowser(\"firefox\").build()\n        //Abrir navegador\n        await driver.get(\"https://www.saucedemo.com/\")\n        //Tempo de espera pra carregar o site\n        await driver.sleep(300)\n        //Digitar o usuario invalido\n        let user = (\"standard_user\");\n        await driver.findElement(By.id(\"user-name\")).sendKeys(user);\n        //Tempo de espera\n        await driver.sleep(300)\n        //Digitar a senha\n        let pass = (\"123\");\n        await driver.findElement(By.id(\"password\")).sendKeys(pass);\n        //Tempo de espera\n        await driver.sleep(300)\n        //Clicar no botao LOGIN\n        let elementbotao = await driver.findElement(By.xpath(\"/html/body/div/div/div[2]/div[1]/div/div/form/input\"))\n        await elementbotao.click(By.id(\"login-button\"))\n        //Assertion erro\n        let erro3 = await driver.findElement(By.xpath(\"/html/body/div[1]/div/div[2]/div[1]/div/div/form/div[3]/h3\")).getText();\n        erro3.should.equal(\"Epic sadface: Username and password do not match any user in this service\");\n        await driver.quit()",
              "err": {},
              "uuid": "d26b65c0-151d-47d8-ae3a-d693baf4ced9",
              "parentUUID": null,
              "isHook": false,
              "skipped": false
            },
            {
              "title": "CT04 - Login Username valido c/ letras maiusculas",
              "fullTitle": "Teste de Login CT04 - Login Username valido c/ letras maiusculas",
              "timedOut": null,
              "duration": 4306,
              "state": "passed",
              "speed": "slow",
              "pass": true,
              "fail": false,
              "pending": false,
              "context": null,
              "code": "//Contruir uma pagina no navegador\n        let driver = await new Builder().forBrowser(\"firefox\").build()\n        //Abrir navegador\n        await driver.get(\"https://www.saucedemo.com/\")\n        //Tempo de espera pra carregar o site\n        await driver.sleep(300)\n        //Digitar o usuario invalido\n        let user = (\"STANDARD_USER\");\n        await driver.findElement(By.id(\"user-name\")).sendKeys(user);\n        //Tempo de espera\n        await driver.sleep(300)\n        //Digitar a senha\n        let pass = (\"secret_sauce\");\n        await driver.findElement(By.id(\"password\")).sendKeys(pass);\n        //Tempo de espera\n        await driver.sleep(300)\n        //Clicar no botao LOGIN\n        let elementbotao = await driver.findElement(By.xpath(\"/html/body/div/div/div[2]/div[1]/div/div/form/input\"))\n        await elementbotao.click(By.id(\"login-button\"))\n        //Assertion erro\n        let erro4 = await driver.findElement(By.xpath(\"/html/body/div[1]/div/div[2]/div[1]/div/div/form/div[3]/h3\")).getText();\n        erro4.should.equal(\"Epic sadface: Username and password do not match any user in this service\");\n        await driver.quit()",
              "err": {},
              "uuid": "5675b4d0-b4d9-4e55-a6b2-b86d14b93f75",
              "parentUUID": null,
              "isHook": false,
              "skipped": false
            },
            {
              "title": "CT05 - Login Username valido, Password valida, mas campos trocados",
              "fullTitle": "Teste de Login CT05 - Login Username valido, Password valida, mas campos trocados",
              "timedOut": null,
              "duration": 4364,
              "state": "passed",
              "speed": "slow",
              "pass": true,
              "fail": false,
              "pending": false,
              "context": null,
              "code": "//Contruir uma pagina no navegador\n        let driver = await new Builder().forBrowser(\"firefox\").build()\n        //Abrir navegador\n        await driver.get(\"https://www.saucedemo.com/\")\n        //Tempo de espera pra carregar o site\n        await driver.sleep(300)\n        //Digitar o usuario invalido\n        let user = (\"secret_sauce\");\n        await driver.findElement(By.id(\"user-name\")).sendKeys(user);\n        //Tempo de espera\n        await driver.sleep(300)\n        //Digitar a senha\n        let pass = (\"standard_user\");\n        await driver.findElement(By.id(\"password\")).sendKeys(pass);\n        //Tempo de espera\n        await driver.sleep(300)\n        //Clicar no botao LOGIN\n        let elementbotao = await driver.findElement(By.xpath(\"/html/body/div/div/div[2]/div[1]/div/div/form/input\"))\n        await elementbotao.click(By.id(\"login-button\"))\n        //Assertion erro\n        let erro5 = await driver.findElement(By.xpath(\"/html/body/div[1]/div/div[2]/div[1]/div/div/form/div[3]/h3\")).getText();\n        erro5.should.equal(\"Epic sadface: Username and password do not match any user in this service\");\n        await driver.quit()",
              "err": {},
              "uuid": "ae1a18d1-3c8f-46a3-94bf-24ef326b950b",
              "parentUUID": null,
              "isHook": false,
              "skipped": false
            },
            {
              "title": "CT06 - Login Username com campo vazio",
              "fullTitle": "Teste de Login CT06 - Login Username com campo vazio",
              "timedOut": null,
              "duration": 4841,
              "state": "passed",
              "speed": "slow",
              "pass": true,
              "fail": false,
              "pending": false,
              "context": null,
              "code": "//Contruir uma pagina no navegador\n        let driver = await new Builder().forBrowser(\"firefox\").build()\n        //Abrir navegador\n        await driver.get(\"https://www.saucedemo.com/\")\n        //Tempo de espera pra carregar o site\n        await driver.sleep(300)\n        //Digitar o usuario invalido\n        let user = (\"\");\n        await driver.findElement(By.id(\"user-name\")).sendKeys(user);\n        //Tempo de espera\n        await driver.sleep(300)\n        //Digitar a senha\n        let pass = (\"secret_sauce\");\n        await driver.findElement(By.id(\"password\")).sendKeys(pass);\n        //Tempo de espera\n        await driver.sleep(300)\n        //Clicar no botao LOGIN\n        let elementbotao = await driver.findElement(By.xpath(\"/html/body/div/div/div[2]/div[1]/div/div/form/input\"))\n        await elementbotao.click(By.id(\"login-button\"))\n        //Assertion erro\n        let erro6 = await driver.findElement(By.xpath(\"/html/body/div[1]/div/div[2]/div[1]/div/div/form/div[3]/h3\")).getText();\n        erro6.should.equal(\"Epic sadface: Username is required\");\n        await driver.quit()",
              "err": {},
              "uuid": "e8a3f1c9-5138-4fc4-8238-2dae19f5d5bd",
              "parentUUID": null,
              "isHook": false,
              "skipped": false
            },
            {
              "title": "CT07 - Login Password com campo vazio",
              "fullTitle": "Teste de Login CT07 - Login Password com campo vazio",
              "timedOut": null,
              "duration": 4341,
              "state": "passed",
              "speed": "slow",
              "pass": true,
              "fail": false,
              "pending": false,
              "context": null,
              "code": "//Contruir uma pagina no navegador\n        let driver = await new Builder().forBrowser(\"firefox\").build()\n        //Abrir navegador\n        await driver.get(\"https://www.saucedemo.com/\")\n        //Tempo de espera pra carregar o site\n        await driver.sleep(300)\n        //Digitar o usuario invalido\n        let user = (\"standard_user\");\n        await driver.findElement(By.id(\"user-name\")).sendKeys(user);\n        //Tempo de espera\n        await driver.sleep(300)\n        //Digitar a senha\n        let pass = (\"\");\n        await driver.findElement(By.id(\"password\")).sendKeys(pass);\n        //Tempo de espera\n        await driver.sleep(300)\n        //Clicar no botao LOGIN\n        let elementbotao = await driver.findElement(By.xpath(\"/html/body/div/div/div[2]/div[1]/div/div/form/input\"))\n        await elementbotao.click(By.id(\"login-button\"))\n        //Assertion erro\n        let erro7 = await driver.findElement(By.xpath(\"/html/body/div[1]/div/div[2]/div[1]/div/div/form/div[3]/h3\")).getText();\n        erro7.should.equal(\"Epic sadface: Password is required\");\n        await driver.quit()",
              "err": {},
              "uuid": "0ebece29-4e92-4343-9c9a-747f87fbfb99",
              "parentUUID": null,
              "isHook": false,
              "skipped": false
            },
            {
              "title": "CT08 - Login Username e Password com campo vazio",
              "fullTitle": "Teste de Login CT08 - Login Username e Password com campo vazio",
              "timedOut": null,
              "duration": 4223,
              "state": "passed",
              "speed": "slow",
              "pass": true,
              "fail": false,
              "pending": false,
              "context": null,
              "code": "//Contruir uma pagina no navegador\n        let driver = await new Builder().forBrowser(\"firefox\").build()\n        //Abrir navegador\n        await driver.get(\"https://www.saucedemo.com/\")\n        //Tempo de espera pra carregar o site\n        await driver.sleep(300)\n        //Digitar o usuario invalido\n        let user = (\"\");\n        await driver.findElement(By.id(\"user-name\")).sendKeys(user);\n        //Tempo de espera\n        await driver.sleep(300)\n        //Digitar a senha\n        let pass = (\"\");\n        await driver.findElement(By.id(\"password\")).sendKeys(pass);\n        //Tempo de espera\n        await driver.sleep(300)\n        //Clicar no botao LOGIN\n        let elementbotao = await driver.findElement(By.xpath(\"/html/body/div/div/div[2]/div[1]/div/div/form/input\"))\n        await elementbotao.click(By.id(\"login-button\"))\n        //Assertion erro\n        let erro8 = await driver.findElement(By.xpath(\"/html/body/div[1]/div/div[2]/div[1]/div/div/form/div[3]/h3\")).getText();\n        erro8.should.equal(\"Epic sadface: Username is required\");\n        await driver.quit()",
              "err": {},
              "uuid": "19f480c1-47a4-4eca-8d2e-a0c34844b24d",
              "parentUUID": null,
              "isHook": false,
              "skipped": false
            },
            {
              "title": "CT09 - Login com espaco antes/depois campo Username",
              "fullTitle": "Teste de Login CT09 - Login com espaco antes/depois campo Username",
              "timedOut": null,
              "duration": 4256,
              "state": "passed",
              "speed": "slow",
              "pass": true,
              "fail": false,
              "pending": false,
              "context": null,
              "code": "//Contruir uma pagina no navegador\n        let driver = await new Builder().forBrowser(\"firefox\").build()\n        //Abrir navegador\n        await driver.get(\"https://www.saucedemo.com/\")\n        //Tempo de espera pra carregar o site\n        await driver.sleep(300)\n        //Digitar o usuario invalido\n        let user = (\" standard_user \");\n        await driver.findElement(By.id(\"user-name\")).sendKeys(user);\n        //Tempo de espera\n        await driver.sleep(300)\n        //Digitar a senha\n        let pass = (\"secret_sauce\");\n        await driver.findElement(By.id(\"password\")).sendKeys(pass);\n        //Tempo de espera\n        await driver.sleep(300)\n        //Clicar no botao LOGIN\n        let elementbotao = await driver.findElement(By.xpath(\"/html/body/div/div/div[2]/div[1]/div/div/form/input\"))\n        await elementbotao.click(By.id(\"login-button\"))\n        //Assertion erro\n        let erro9 = await driver.findElement(By.xpath(\"/html/body/div[1]/div/div[2]/div[1]/div/div/form/div[3]/h3\")).getText();\n        erro9.should.equal(\"Epic sadface: Username and password do not match any user in this service\");\n        await driver.quit()",
              "err": {},
              "uuid": "e32172be-c93f-495a-b8ba-5064b7d3056d",
              "parentUUID": null,
              "isHook": false,
              "skipped": false
            },
            {
              "title": "CT10 - Login Password com letra maiusculas",
              "fullTitle": "Teste de Login CT10 - Login Password com letra maiusculas",
              "timedOut": null,
              "duration": 4260,
              "state": "passed",
              "speed": "slow",
              "pass": true,
              "fail": false,
              "pending": false,
              "context": null,
              "code": "//Contruir uma pagina no navegador\n        let driver = await new Builder().forBrowser(\"firefox\").build()\n        //Abrir navegador\n        await driver.get(\"https://www.saucedemo.com/\")\n        //Tempo de espera pra carregar o site\n        await driver.sleep(300)\n        //Digitar o usuario invalido\n        let user = (\"standard_user\");\n        await driver.findElement(By.id(\"user-name\")).sendKeys(user);\n        //Tempo de espera\n        await driver.sleep(300)\n        //Digitar a senha\n        let pass = (\"SECRET_SAUCE\");\n        await driver.findElement(By.id(\"password\")).sendKeys(pass);\n        //Tempo de espera\n        await driver.sleep(300)\n        //Clicar no botao LOGIN\n        let elementbotao = await driver.findElement(By.xpath(\"/html/body/div/div/div[2]/div[1]/div/div/form/input\"))\n        await elementbotao.click(By.id(\"login-button\"))\n        //Assertion erro\n        let erro10 = await driver.findElement(By.xpath(\"/html/body/div[1]/div/div[2]/div[1]/div/div/form/div[3]/h3\")).getText();\n        erro10.should.equal(\"Epic sadface: Username and password do not match any user in this service\");\n        await driver.quit()",
              "err": {},
              "uuid": "094563a8-15de-43bc-b81c-06babc6a3a1f",
              "parentUUID": null,
              "isHook": false,
              "skipped": false
            }
          ],
          "suites": [],
          "passes": [
            "108eb511-0e5d-4aac-a727-138e01a95cd7",
            "d7eabc24-48f6-4fd1-9b56-54e6d33b73b9",
            "d26b65c0-151d-47d8-ae3a-d693baf4ced9",
            "5675b4d0-b4d9-4e55-a6b2-b86d14b93f75",
            "ae1a18d1-3c8f-46a3-94bf-24ef326b950b",
            "e8a3f1c9-5138-4fc4-8238-2dae19f5d5bd",
            "0ebece29-4e92-4343-9c9a-747f87fbfb99",
            "19f480c1-47a4-4eca-8d2e-a0c34844b24d",
            "e32172be-c93f-495a-b8ba-5064b7d3056d",
            "094563a8-15de-43bc-b81c-06babc6a3a1f"
          ],
          "failures": [],
          "pending": [],
          "skipped": [],
          "duration": 44106,
          "root": false,
          "rootEmpty": false,
          "_timeout": null
        }
      ],
      "passes": [],
      "failures": [],
      "pending": [],
      "skipped": [],
      "duration": 0,
      "root": true,
      "rootEmpty": true,
      "_timeout": 0
    }
  ],
  "meta": {
    "mocha": {
      "version": "10.2.0"
    },
    "mochawesome": {
      "options": {
        "quiet": false,
        "reportFilename": "mochawesome",
        "saveHtml": true,
        "saveJson": true,
        "consoleReporter": "spec",
        "useInlineDiffs": false,
        "code": true
      },
      "version": "7.1.3"
    },
    "marge": {
      "options": null,
      "version": "6.2.0"
    }
  }
}